src/main.c
src/dir.c
src/init.c
src/free_all.c
src/parse.c
src/startend.c
src/quote.c
src/lexer.c
src/type.c
src/handle_tree.c
src/print_tree.c
src/node.c
src/herdoc.c
src/cmd.c
src/parse_op.c
src/parse_block.c
src/execute_bin.c
src/execute.c
src/execute_close.c
src/execute_cmd.c
src/execute_sub_shell.c
src/execute_utils.c
src/utils/queue.c
src/utils/free_q.c
src/utils/is_space.c
src/utils/is_special.c
src/utils/stack.c
src/utils/free_stack.c
---------------------------------------------------
src/main.c
src/dir.c
src/init.c
src/free_all.c
src/parse.c
src/startend.c
src/quote.c
src/lexer.c
src/type.c
src/handle_tree.c
src/print_tree.c
src/node.c
src/herdoc.c
src/cmd.c
src/parse_op.c
src/parse_block.c
src/execute_bin.c
src/execute.c
src/execute_close.c
src/execute_cmd.c
src/execute_sub_shell.c
src/execute_utils.c
src/redirection.c
src/utils/queue.c
src/utils/free_q.c
src/utils/is_space.c
src/utils/is_special.c
src/utils/stack.c
src/utils/free_stack.c
---------------------------------------------------
src/execute_cmd.c
src/redirection.c
---------------------------------------------------
src/redirection.c
---------------------------------------------------
src/redirection.c
---------------------------------------------------
src/redirection.c
---------------------------------------------------
src/main.c
---------------------------------------------------
src/execute_cmd.c
---------------------------------------------------
src/main.c
---------------------------------------------------
src/main.c
---------------------------------------------------
src/redirection.c
---------------------------------------------------
src/execute_cmd.c
src/redirection.c
---------------------------------------------------
src/execute_cmd.c
---------------------------------------------------
src/execute_cmd.c
---------------------------------------------------
src/execute_cmd.c
---------------------------------------------------
src/execute_cmd.c
---------------------------------------------------
src/execute_cmd.c
---------------------------------------------------
src/execute_cmd.c
---------------------------------------------------
src/execute_cmd.c
---------------------------------------------------
src/redirection.c
---------------------------------------------------
src/redirection.c
---------------------------------------------------
src/redirection.c
---------------------------------------------------
src/redirection.c
---------------------------------------------------
src/redirection.c
---------------------------------------------------
src/redirection.c
src/redirection.c
---------------------------------------------------
src/redirection.c
---------------------------------------------------
src/redirection.c
---------------------------------------------------
src/redirection.c
---------------------------------------------------
src/redirection.c
---------------------------------------------------
src/redirection.c
---------------------------------------------------
src/execute_cmd.c
src/execute_cmd.c
---------------------------------------------------
src/cmd.c
src/main.c
src/dir.c
src/init.c
src/free_all.c
src/parse.c
src/startend.c
src/quote.c
src/lexer.c
src/type.c
src/handle_tree.c
src/print_tree.c
src/node.c
src/herdoc.c
src/cmd.c
src/parse_op.c
src/parse_block.c
src/execute_bin.c
src/execute.c
src/execute_close.c
src/execute_cmd.c
src/execute_sub_shell.c
src/execute_utils.c
src/redirection.c
src/check_cmd.c
src/utils/queue.c
src/utils/free_q.c
src/utils/is_space.c
src/utils/is_special.c
src/utils/stack.c
src/utils/free_stack.c
src/cmd.c
---------------------------------------------------
src/check_cmd.c
---------------------------------------------------
src/check_cmd.c
---------------------------------------------------
src/execute_cmd.c
src/check_cmd.c
---------------------------------------------------
src/check_cmd.c
---------------------------------------------------
src/check_cmd.c
---------------------------------------------------
src/check_cmd.c
---------------------------------------------------
src/check_cmd.c
---------------------------------------------------
src/main.c
src/dir.c
src/init.c
src/free_all.c
src/parse.c
src/startend.c
src/quote.c
src/lexer.c
src/type.c
src/handle_tree.c
src/print_tree.c
src/node.c
src/herdoc.c
src/cmd.c
src/parse_op.c
src/parse_block.c
src/execute_bin.c
src/execute.c
src/execute_close.c
src/execute_cmd.c
src/execute_sub_shell.c
src/execute_utils.c
src/redirection.c
src/check_cmd.c
src/utils/queue.c
src/utils/free_q.c
src/utils/is_space.c
src/utils/is_special.c
src/utils/stack.c
src/utils/free_stack.c
---------------------------------------------------
src/main.c
src/dir.c
src/init.c
src/free_all.c
src/parse.c
src/startend.c
src/quote.c
src/lexer.c
src/type.c
src/handle_tree.c
src/print_tree.c
src/node.c
src/herdoc.c
src/cmd.c
src/parse_op.c
src/parse_block.c
src/execute_bin.c
src/execute.c
src/execute_close.c
src/execute_cmd.c
src/execute_sub_shell.c
src/execute_utils.c
src/redirection.c
src/check_cmd.c
src/utils/queue.c
src/utils/free_q.c
src/utils/is_space.c
src/utils/is_special.c
src/utils/stack.c
src/utils/free_stack.c
---------------------------------------------------
src/main.c
src/dir.c
src/init.c
src/free_all.c
src/parse.c
src/startend.c
src/quote.c
src/lexer.c
src/type.c
src/handle_tree.c
src/print_tree.c
src/node.c
src/herdoc.c
src/cmd.c
src/parse_op.c
src/parse_block.c
src/execute_bin.c
src/execute.c
src/execute_close.c
src/execute_cmd.c
src/execute_sub_shell.c
src/execute_utils.c
src/redirection.c
src/check_cmd.c
src/utils/queue.c
src/utils/free_q.c
src/utils/is_space.c
src/utils/is_special.c
src/utils/stack.c
src/utils/free_stack.c
---------------------------------------------------
src/cmd.c
src/check_cmd.c
---------------------------------------------------
src/main.c
src/dir.c
src/init.c
src/free_all.c
src/parse.c
src/startend.c
src/quote.c
src/lexer.c
src/type.c
src/handle_tree.c
src/print_tree.c
src/node.c
src/herdoc.c
src/cmd.c
src/parse_op.c
src/parse_block.c
src/execute_bin.c
src/execute.c
src/execute_close.c
src/execute_cmd.c
src/execute_sub_shell.c
src/execute_utils.c
src/redirection.c
src/check_cmd.c
src/utils/queue.c
src/utils/free_q.c
src/utils/is_space.c
src/utils/is_special.c
src/utils/stack.c
src/utils/free_stack.c
---------------------------------------------------
src/execute_cmd.c
---------------------------------------------------
src/check_cmd.c
---------------------------------------------------
src/check_cmd.c
---------------------------------------------------
src/check_cmd.c
---------------------------------------------------
src/redirection.c
src/check_cmd.c
---------------------------------------------------
src/execute_cmd.c
src/check_cmd.c
---------------------------------------------------
src/check_cmd.c
---------------------------------------------------
src/check_cmd.c
---------------------------------------------------
src/check_cmd.c
---------------------------------------------------
src/check_cmd.c
---------------------------------------------------
src/check_cmd.c
---------------------------------------------------
src/check_cmd.c
---------------------------------------------------
src/check_cmd.c
---------------------------------------------------
src/check_cmd.c
---------------------------------------------------
src/check_cmd.c
---------------------------------------------------
src/check_cmd.c
---------------------------------------------------
src/check_cmd.c
---------------------------------------------------
src/check_cmd.c
---------------------------------------------------
src/check_cmd.c
---------------------------------------------------
src/check_cmd.c
---------------------------------------------------
src/check_cmd.c
---------------------------------------------------
src/execute_cmd.c
---------------------------------------------------
